0 silly argv {
0 silly argv   _: [ 'bootstrap' ],
0 silly argv   lernaVersion: '4.0.0',
0 silly argv   '$0': '/Users/yang/Github/Meta3D/node_modules/.bin/lerna'
0 silly argv }
1 notice cli v4.0.0
2 verbose rootPath /Users/yang/Github/Meta3D
3 error JSONError: Unexpected token "T" (0x54) in JSON at position 393 while parsing near "...NameMap\": {\n        TODO\n    },\n    \"scr..." in extensions/meta3d-engine-whole/package.json
3 error
3 error [0m [90m 12 |[39m     }[33m,[39m[0m
3 error [0m [90m 13 |[39m     [32m"dependentContributeNameMap"[39m[33m:[39m {[0m
3 error [0m[31m[1m>[22m[39m[90m 14 |[39m         [33mTODO[39m[0m
3 error [0m [90m    |[39m         [31m[1m^[22m[39m[0m
3 error [0m [90m 15 |[39m     }[33m,[39m[0m
3 error [0m [90m 16 |[39m     [32m"scripts"[39m[33m:[39m {[0m
3 error [0m [90m 17 |[39m         [32m"watch"[39m[33m:[39m [32m"tsc -w -noEmit"[39m[33m,[39m[0m
3 error
3 error     at parseJson (/Users/yang/Github/Meta3D/node_modules/parse-json/index.js:29:21)
3 error     at parse (/Users/yang/Github/Meta3D/node_modules/load-json-file/index.js:15:9)
3 error     at module.exports (/Users/yang/Github/Meta3D/node_modules/load-json-file/index.js:18:47)
