Arguments: 
  /usr/local/bin/node /usr/local/bin/yarn watch

PATH: 
  /usr/local/bin:/usr/bin:/bin:/usr/sbin:/sbin

Yarn version: 
  1.22.10

Node version: 
  14.17.1

Platform: 
  darwin x64

Trace: 
  SyntaxError: /Users/yang/Github/Meta3D/extensions/meta3d-use-editor/package.json: Unexpected token } in JSON at position 1502
      at JSON.parse (<anonymous>)
      at /usr/local/lib/node_modules/yarn/lib/cli.js:1625:59
      at Generator.next (<anonymous>)
      at step (/usr/local/lib/node_modules/yarn/lib/cli.js:310:30)
      at /usr/local/lib/node_modules/yarn/lib/cli.js:321:13

npm manifest: 
  {
      "name": "meta3d-use-editor",
      "version": "0.4.0",
      "publisher": "meta3d",
      "protocol": {
          "name": "meta3d-use-editor-protocol"
      },
      "dependentExtensionNameMap": {
          "meta3dEventExtensionName": {
              "protocolName": "meta3d-event-protocol"
          },
          "meta3dUIExtensionName": {
              "protocolName": "meta3d-ui-protocol"
          }
      },
      "dependentContributeNameMap": {
          "meta3dSkinDefaultContributeName": {
              "protocolName": "meta3d-skin-default-protocol"
          },
          "meta3dCustomControlButtonContributeName": {
              "protocolName": "meta3d-custom-control-button-protocol"
          },
          "meta3dElementButtonContributeName": {
              "protocolName": "meta3d-element-button-protocol"
          },
          "meta3dEventClickButtonContributeName": {
              "protocolName": "meta3d-event-click-button-protocol"
          }
      },
      "scripts": {
          "watch": "tsc -w",
          "webpack": "webpack --config webpack.config.js",
          "meta3d:publish": "npm run webpack && gulp publish"
      },
      "dependencies": {
          "meta3d-type": "^0.4.0",
          "meta3d-use-editor-protocol": "^0.4.0",
          "meta3d-event-protocol": "^0.4.0",
          "meta3d-ui-protocol": "^0.4.0",
          "meta3d-skin-default-protocol": "^0.4.0",
          "meta3d-custom-control-button-protocol": "^0.4.0",
          "meta3d-element-button-protocol": "^0.4.0",
          "meta3d-event-click-button-protocol": "^0.4.0",
      },
      "devDependencies": {
          "clean-webpack-plugin": "^4.0.0",
          "cz-customizable": "^6.3.0",
          "gulp": "^4.0.2",
          "meta3d-tool-publish": "^0.4.0",
          "source-map-loader": "^3.0.0",
          "ts-loader": "^9.2.6",
          "typescript": "^4.2.3",
          "webpack": "^5.62.1",
          "webpack-cli": "^4.9.1"
      }
  }

yarn manifest: 
  No manifest

Lockfile: 
  No lockfile
