Arguments: 
  /usr/local/bin/node /usr/local/bin/yarn watch

PATH: 
  /usr/local/bin:/usr/bin:/bin:/usr/sbin:/sbin

Yarn version: 
  1.22.10

Node version: 
  14.17.1

Platform: 
  darwin x64

Trace: 
  SyntaxError: /Users/yang/Github/Meta3D/extensions/meta3d-ui/package.json: Unexpected token T in JSON at position 142
      at JSON.parse (<anonymous>)
      at /usr/local/lib/node_modules/yarn/lib/cli.js:1625:59
      at Generator.next (<anonymous>)
      at step (/usr/local/lib/node_modules/yarn/lib/cli.js:310:30)
      at /usr/local/lib/node_modules/yarn/lib/cli.js:321:13

npm manifest: 
  {
    "name": "meta3d-ui",
      "version": "0.4.0",
      "publisher": "meta3d",
      "protocol": {
          "name": "meta3d-ui-protocol"
      },
      TODO fix
      "dependentExtensionNameMap": {},
      "dependentContributeNameMap": {},
      "scripts": {
          "watch": "rescript clean && rescript build -w",
          "buildAll:ci": "rescript clean && rescript build",
          "webpack": "webpack --config webpack.config.js",
          "meta3d:publish": "yarn buildAll:ci && npm run webpack && gulp publish"
      },
      "dependencies": {
          "meta3d-ui-protocol": "^0.4.0",
          "meta3d-type": "^0.4.0",
          "rescript": "^9.1.4"
      },
      "devDependencies": {
          "@babel/core": "^7.10.4",
          "@babel/preset-env": "^7.10.4",
          "clean-webpack-plugin": "^4.0.0",
          "cz-customizable": "^6.3.0",
          "gentype": "^3.48.0",
          "gulp": "^4.0.2",
          "meta3d-tool-publish": "^0.4.0",
          "webpack": "^5.62.1",
          "webpack-cli": "^4.9.1"
      }
  }

yarn manifest: 
  No manifest

Lockfile: 
  No lockfile
